Base path: /Applications/Unity/Unity.app/Contents
Cmd: initializeCompiler
Cmd: compileComputeKernel
  api=14 insize=2134 outsize=2129 ok=1
Cmd: translateComputeKernel
  api=14 insize=841 outsize=785 ok=1
Cmd: translateComputeKernel
  api=14 insize=1357 outsize=1453 ok=1
Cmd: compileComputeKernel
  api=14 insize=11176 outsize=10553 ok=1
Cmd: compileComputeKernel
  api=14 insize=3532 outsize=3265 ok=1
Cmd: translateComputeKernel
  api=14 insize=3445 outsize=6009 ok=1
Cmd: compileComputeKernel
  api=14 insize=18731 outsize=11321 ok=1
Cmd: translateComputeKernel
  api=14 insize=9721 outsize=16629 ok=1
Cmd: compileComputeKernel
  api=14 insize=1864 outsize=1145 ok=1

Quitting shader compiler process
