Base path: /Applications/Unity/Unity.app/Contents
Cmd: initializeCompiler
Cmd: translateComputeKernel
  api=14 insize=2129 outsize=3889 ok=1
Cmd: compileComputeKernel
  api=14 insize=11176 outsize=11297 ok=1
Cmd: compileComputeKernel
  api=14 insize=5022 outsize=7289 ok=1
Cmd: compileComputeKernel
  api=14 insize=18731 outsize=9637 ok=1
Cmd: compileComputeKernel
  api=14 insize=18731 outsize=11797 ok=1
Cmd: translateComputeKernel
  api=14 insize=9953 outsize=16885 ok=1
Cmd: compileComputeKernel
  api=14 insize=2953 outsize=2021 ok=1
Cmd: translateComputeKernel
  api=14 insize=853 outsize=785 ok=1
Cmd: translateComputeKernel
  api=14 insize=2077 outsize=3273 ok=1

Quitting shader compiler process
